<?xml version="1.0" encoding="UTF-8"?>
<!-- Generated by org.testng.reporters.JUnitReportReporter -->
<testsuite hostname="jmalkan-dt" name="com.jiggy.sample.HelloWorldIntegTest" tests="1" failures="0" timestamp="3 Sep 2012 16:25:28 GMT" time="0.016" errors="0">
  <testcase name="HelloWorld" time="0.016" classname="com.jiggy.sample.HelloWorldIntegTest"/>
</testsuite> <!-- com.jiggy.sample.HelloWorldIntegTest -->
