<?xml version="1.0" encoding="UTF-8"?>
<!-- Generated by org.testng.reporters.JUnitReportReporter -->
<testsuite hostname="jmalkan-dt" name="com.jiggy.sample.HelloWorldTest" tests="1" failures="0" timestamp="3 Sep 2012 16:25:23 GMT" time="0.030" errors="0">
  <testcase name="sayHello" time="0.030" classname="com.jiggy.sample.HelloWorldTest"/>
</testsuite> <!-- com.jiggy.sample.HelloWorldTest -->
